Number of points:32768
Number of queries:32768
Dimensions:3
Grid Dimensions:2
K for k-nn:2
SideBlock Length0.500000
CPU KNN 1st PART  0 s, 642493 us
Nbs of query: Point0	x0 0.562288	x1 0.136617	x2 0.956609	
----Neighbours----
Point0	x0 0.749058	x1 0.113556	x2 0.311837	
Point1	x0 0.965992	x1 0.376671	x2 0.163105	
----Dists----
dist 0.000000000000
---------------------------
Nbs of query: Point0	x0 0.562288	x1 0.136617	x2 0.956609	
----Neighbours----
Point0	x0 0.749058	x1 0.113556	x2 0.311837	
Point1	x0 0.965992	x1 0.376671	x2 0.163105	
----Dists----
dist 0.000000000000
---------------------------
Nbs of query: Point0	x0 0.562288	x1 0.136617	x2 0.956609	
----Neighbours----
Point0	x0 0.749058	x1 0.113556	x2 0.311837	
Point1	x0 0.965992	x1 0.376671	x2 0.163105	
----Dists----
dist 0.000000000000
---------------------------
Nbs of query: Point0	x0 0.562288	x1 0.136617	x2 0.956609	
----Neighbours----
Point0	x0 0.749058	x1 0.113556	x2 0.311837	
Point1	x0 0.965992	x1 0.376671	x2 0.163105	
----Dists----
dist 0.000000000000
---------------------------
Nbs of query: Point0	x0 0.562288	x1 0.136617	x2 0.956609	
----Neighbours----
Point0	x0 0.749058	x1 0.113556	x2 0.311837	
Point1	x0 0.965992	x1 0.376671	x2 0.163105	
----Dists----
dist 0.000000000000
---------------------------
Nbs of query: Point0	x0 0.562288	x1 0.136617	x2 0.956609	
----Neighbours----
Point0	x0 0.749058	x1 0.113556	x2 0.311837	
Point1	x0 0.965992	x1 0.376671	x2 0.163105	
----Dists----
dist 0.000000000000
---------------------------
Nbs of query: Point0	x0 0.562288	x1 0.136617	x2 0.956609	
----Neighbours----
Point0	x0 0.749058	x1 0.113556	x2 0.311837	
Point1	x0 0.965992	x1 0.376671	x2 0.163105	
----Dists----
dist 0.000000000000
---------------------------
Nbs of query: Point0	x0 0.841210	x1 0.791338	x2 0.433256	
----Neighbours----
Point0	x0 0.953683	x1 0.088864	x2 0.482107	
Point1	x0 0.553111	x1 0.329285	x2 0.291378	
----Dists----
dist 0.000000000000
---------------------------
Nbs of query: Point0	x0 0.841210	x1 0.791338	x2 0.433256	
----Neighbours----
Point0	x0 0.953683	x1 0.088864	x2 0.482107	
Point1	x0 0.553111	x1 0.329285	x2 0.291378	
----Dists----
dist 0.000000000000
---------------------------
Nbs of query: Point0	x0 0.841210	x1 0.791338	x2 0.433256	
----Neighbours----
Point0	x0 0.953683	x1 0.088864	x2 0.482107	
Point1	x0 0.553111	x1 0.329285	x2 0.291378	
----Dists----
dist 0.000000000000
---------------------------
Nbs of query: Point0	x0 0.841210	x1 0.791338	x2 0.433256	
----Neighbours----
Point0	x0 0.953683	x1 0.088864	x2 0.482107	
Point1	x0 0.553111	x1 0.329285	x2 0.291378	
----Dists----
dist 0.000000000000
---------------------------
Nbs of query: Point0	x0 0.841210	x1 0.791338	x2 0.433256	
----Neighbours----
Point0	x0 0.953683	x1 0.088864	x2 0.482107	
Point1	x0 0.553111	x1 0.329285	x2 0.291378	
----Dists----
dist 0.000000000000
---------------------------
Nbs of query: Point0	x0 0.841210	x1 0.791338	x2 0.433256	
----Neighbours----
Point0	x0 0.953683	x1 0.088864	x2 0.482107	
Point1	x0 0.553111	x1 0.329285	x2 0.291378	
----Dists----
dist 0.000000000000
---------------------------
Nbs of query: Point0	x0 0.841210	x1 0.791338	x2 0.433256	
----Neighbours----
Point0	x0 0.953683	x1 0.088864	x2 0.482107	
Point1	x0 0.553111	x1 0.329285	x2 0.291378	
----Dists----
dist 0.000000000000
---------------------------
CPU KNN 2nd PART  4 s, 712012 us
Time elapsed 5 s, -266417 us
100.000000 % searched other boxes (32768/32768)
  